  Application.cpp
C:\Program Files (x86)\Windows Kits\10\Include\10.0.16299.0\ucrt\corecrt_math_defines.h(22,1): warning C4005: 'M_PI': redefinición de macro
C:\Users\Casa\Desktop\NerfedEngine\SDL\include\SDL_stdinc.h(619): message : vea la definición anterior de 'M_PI'
  Color.cpp
  glmath.cpp
C:\Users\Casa\Desktop\NerfedEngine\glmath.cpp(12,13): warning C4244: 'return': conversión de 'double' a 'float'; posible pérdida de datos
C:\Users\Casa\Desktop\NerfedEngine\glmath.cpp(27,17): warning C4244: 'argumento': conversión de 'double' a 'float'; posible pérdida de datos
C:\Users\Casa\Desktop\NerfedEngine\glmath.cpp(43,34): warning C4244: 'argumento': conversión de 'double' a 'float'; posible pérdida de datos
C:\Users\Casa\Desktop\NerfedEngine\glmath.cpp(53,10): warning C4244: 'inicializando': conversión de 'double' a 'float'; posible pérdida de datos
C:\Users\Casa\Desktop\NerfedEngine\glmath.cpp(53,26): warning C4244: 'inicializando': conversión de 'double' a 'float'; posible pérdida de datos
C:\Users\Casa\Desktop\NerfedEngine\glmath.cpp(72,13): warning C4244: 'return': conversión de 'double' a 'float'; posible pérdida de datos
C:\Users\Casa\Desktop\NerfedEngine\glmath.cpp(87,17): warning C4244: 'argumento': conversión de 'double' a 'float'; posible pérdida de datos
C:\Users\Casa\Desktop\NerfedEngine\glmath.cpp(103,34): warning C4244: 'argumento': conversión de 'double' a 'float'; posible pérdida de datos
C:\Users\Casa\Desktop\NerfedEngine\glmath.cpp(600,13): warning C4244: 'inicializando': conversión de 'double' a 'float'; posible pérdida de datos
C:\Users\Casa\Desktop\NerfedEngine\glmath.cpp(618,10): warning C4244: 'inicializando': conversión de 'double' a 'float'; posible pérdida de datos
C:\Users\Casa\Desktop\NerfedEngine\glmath.cpp(618,33): warning C4244: 'inicializando': conversión de 'double' a 'float'; posible pérdida de datos
C:\Users\Casa\Desktop\NerfedEngine\glmath.cpp(758,13): warning C4244: 'inicializando': conversión de 'double' a 'float'; posible pérdida de datos
C:\Users\Casa\Desktop\NerfedEngine\glmath.cpp(778,10): warning C4244: 'inicializando': conversión de 'double' a 'float'; posible pérdida de datos
C:\Users\Casa\Desktop\NerfedEngine\glmath.cpp(778,33): warning C4244: 'inicializando': conversión de 'double' a 'float'; posible pérdida de datos
  Light.cpp
  log.cpp
  Main.cpp
C:\Program Files (x86)\Windows Kits\10\Include\10.0.16299.0\ucrt\corecrt_math_defines.h(22,1): warning C4005: 'M_PI': redefinición de macro
C:\Users\Casa\Desktop\NerfedEngine\SDL\include\SDL_stdinc.h(619): message : vea la definición anterior de 'M_PI'
  LCG.cpp
  AABB.cpp
  Capsule.cpp
  Circle.cpp
  Cone.cpp
  Cylinder.cpp
  Frustum.cpp
  Line.cpp
  LineSegment.cpp
  OBB.cpp
  Plane.cpp
  Polygon.cpp
  Polyhedron.cpp
  Ray.cpp
  Generando código...
  Compilando...
  Sphere.cpp
  Triangle.cpp
  TriangleMesh.cpp
  BitOps.cpp
  float2.cpp
  float3.cpp
  float3x3.cpp
  float3x4.cpp
  float4.cpp
  float4x4.cpp
  MathFunc.cpp
  MathLog.cpp
  MathOps.cpp
  Polynomial.cpp
  Quat.cpp
  SSEMath.cpp
  TransformOps.cpp
  Clock.cpp
  ModuleCamera3D.cpp
C:\Program Files (x86)\Windows Kits\10\Include\10.0.16299.0\ucrt\corecrt_math_defines.h(22,1): warning C4005: 'M_PI': redefinición de macro
C:\Users\Casa\Desktop\NerfedEngine\SDL\include\SDL_stdinc.h(619): message : vea la definición anterior de 'M_PI'
  ModuleInput.cpp
C:\Program Files (x86)\Windows Kits\10\Include\10.0.16299.0\ucrt\corecrt_math_defines.h(22,1): warning C4005: 'M_PI': redefinición de macro
C:\Users\Casa\Desktop\NerfedEngine\SDL\include\SDL_stdinc.h(619): message : vea la definición anterior de 'M_PI'
  Generando código...
  Compilando...
  ModuleRenderer3D.cpp
C:\Program Files (x86)\Windows Kits\10\Include\10.0.16299.0\ucrt\corecrt_math_defines.h(22,1): warning C4005: 'M_PI': redefinición de macro
C:\Users\Casa\Desktop\NerfedEngine\SDL\include\SDL_stdinc.h(619): message : vea la definición anterior de 'M_PI'
  ModuleWindow.cpp
C:\Program Files (x86)\Windows Kits\10\Include\10.0.16299.0\ucrt\corecrt_math_defines.h(22,1): warning C4005: 'M_PI': redefinición de macro
C:\Users\Casa\Desktop\NerfedEngine\SDL\include\SDL_stdinc.h(619): message : vea la definición anterior de 'M_PI'
  Primitive.cpp
C:\Users\Casa\Desktop\NerfedEngine\Primitive.cpp(177,11): warning C4244: 'inicializando': conversión de 'double' a 'float'; posible pérdida de datos
C:\Users\Casa\Desktop\NerfedEngine\Primitive.cpp(187,11): warning C4244: 'inicializando': conversión de 'double' a 'float'; posible pérdida de datos
C:\Users\Casa\Desktop\NerfedEngine\Primitive.cpp(196,11): warning C4244: 'inicializando': conversión de 'double' a 'float'; posible pérdida de datos
  Timer.cpp
  Generando código...
  3D Physics.vcxproj -> C:\Users\Casa\Desktop\NerfedEngine\Debug\3D Physics - class5.exe
